2025-02-18 09:04:53.405726 - User:Anon - Path:/api/message/
2025-02-18 09:26:22.917040 - User:Anon - Path:/
2025-02-18 09:26:28.424473 - User:Anon - Path:/api/message/
2025-02-18 09:28:10.864973 - User:Anon - Path:/api/message/
2025-02-18 09:28:48.382453 - User:Anon - Path:/api/message/
2025-02-18 09:28:49.863119 - User:Anon - Path:/api/message/
2025-02-18 09:28:51.169876 - User:Anon - Path:/api/message/
2025-02-18 09:28:53.141958 - User:Anon - Path:/api-authlogin/
2025-02-18 09:29:02.129789 - User:Anon - Path:/api-authlogin/
2025-02-18 09:29:02.443299 - User:beni-f - Path:/api/message/
2025-02-18 09:29:04.823611 - User:beni-f - Path:/api/message/
2025-02-18 09:29:06.379798 - User:beni-f - Path:/api/message/
2025-02-18 09:29:32.471098 - User:beni-f - Path:/api/message/
2025-02-18 09:31:07.664630 - User:beni-f - Path:/api/message/
2025-02-18 09:31:15.056513 - User:beni-f - Path:/api/message/
2025-02-18 09:31:49.340864 - User:beni-f - Path:/api/message/
2025-02-18 09:34:10.412719 - User:beni-f - Path:/api/message/
2025-02-18 09:34:26.168060 - User:beni-f - Path:/api/message/
2025-02-18 09:34:42.379607 - User:beni-f - Path:/api/message/
2025-02-18 09:35:43.998194 - User:beni-f - Path:/api/message/
2025-02-18 09:37:14.044279 - User:beni-f - Path:/api/message/
2025-02-18 09:38:29.004667 - User:beni-f - Path:/api/message/
2025-02-18 09:38:50.102270 - User:beni-f - Path:/api/message/
2025-02-18 09:38:52.727181 - User:beni-f - Path:/api/message/
2025-02-18 09:59:30.786619 - User:beni-f - Path:/api/
2025-02-18 09:59:31.080400 - User:beni-f - Path:/api/
2025-02-18 09:59:33.620072 - User:beni-f - Path:/api/
2025-02-18 09:59:45.355694 - User:beni-f - Path:/api/
2025-02-18 09:59:46.734315 - User:beni-f - Path:/api/
2025-02-18 10:00:08.608137 - User:beni-f - Path:/api/
2025-02-18 10:00:52.784460 - User:beni-f - Path:/api/
2025-02-18 10:01:16.360507 - User:beni-f - Path:/api/
2025-02-18 10:01:37.383041 - User:beni-f - Path:/api/
2025-02-18 10:01:44.831419 - User:beni-f - Path:/api/
2025-02-18 10:01:52.991143 - User:beni-f - Path:/api/
2025-02-18 10:02:25.919992 - User:beni-f - Path:/api/
2025-02-18 10:03:16.907100 - User:beni-f - Path:/api/
2025-02-18 10:03:22.787517 - User:beni-f - Path:/api/
2025-02-18 10:03:27.712641 - User:beni-f - Path:/api/
2025-02-18 10:03:27.847043 - User:beni-f - Path:/api/
